Using pre-set license
Built from '2020.3/release' branch; Version is '2020.3.2f1 (8fd9074bf66c) revision 9427207'; Using compiler version '192528614'; Build Type 'Release'
OS: 'Windows 10 Home; OS build 19042.867; Version 2009; 64bit' Language: 'en' Physical Memory: 16326 MB
BatchMode: 1, IsHumanControllingUs: 0, StartBugReporterOnCrash: 0, Is64bit: 1, IsPro: 0

 COMMAND LINE ARGUMENTS:
X:\Unity\2020.3.2f1\Editor\Unity.exe
-adb2
-batchMode
-noUpm
-name
AssetImportWorker0
-projectPath
V:/ecole/H21/Game Thing/Workspace/FermApocalypse
-logFile
Logs/AssetImportWorker0.log
-srvPort
53322
Successfully changed project path to: V:/ecole/H21/Game Thing/Workspace/FermApocalypse
V:/ecole/H21/Game Thing/Workspace/FermApocalypse
Using Asset Import Pipeline V2.
Refreshing native plugins compatible for Editor in 37.50 ms, found 1 plugins.
Preloading 0 native plugins for Editor in 0.00 ms.
Initialize engine version: 2020.3.2f1 (8fd9074bf66c)
[Subsystems] Discovering subsystems at path X:/Unity/2020.3.2f1/Editor/Data/Resources/UnitySubsystems
[Subsystems] Discovering subsystems at path V:/ecole/H21/Game Thing/Workspace/FermApocalypse/Assets
GfxDevice: creating device client; threaded=0
Direct3D:
    Version:  Direct3D 11.0 [level 11.1]
    Renderer: NVIDIA GeForce RTX 3070 (ID=0x2484)
    Vendor:   
    VRAM:     8043 MB
    Driver:   27.21.14.6089
Initialize mono
Mono path[0] = 'X:/Unity/2020.3.2f1/Editor/Data/Managed'
Mono path[1] = 'X:/Unity/2020.3.2f1/Editor/Data/MonoBleedingEdge/lib/mono/unityjit'
Mono config path = 'X:/Unity/2020.3.2f1/Editor/Data/MonoBleedingEdge/etc'
Using monoOptions --debugger-agent=transport=dt_socket,embedding=1,server=y,suspend=n,address=127.0.0.1:56156
Begin MonoManager ReloadAssembly
Registering precompiled unity dll's ...
Register platform support module: X:/Unity/2020.3.2f1/Editor/Data/PlaybackEngines/WindowsStandaloneSupport/UnityEditor.WindowsStandalone.Extensions.dll
Registered in 0.001556 seconds.
Native extension for WindowsStandalone target not found
Refreshing native plugins compatible for Editor in 36.61 ms, found 1 plugins.
Preloading 0 native plugins for Editor in 0.00 ms.
Invoked RoslynAnalysisRunner static constructor.
RoslynAnalysisRunner will not be running.
RoslynAnalysisRunner has terminated.
Mono: successfully reloaded assembly
- Completed reload, in  0.820 seconds
Platform modules already initialized, skipping
Registering precompiled user dll's ...
Registered in 0.000984 seconds.
Begin MonoManager ReloadAssembly
Native extension for WindowsStandalone target not found
Refreshing native plugins compatible for Editor in 36.42 ms, found 1 plugins.
Preloading 0 native plugins for Editor in 0.00 ms.
Invoked RoslynAnalysisRunner static constructor.
RoslynAnalysisRunner will not be running.
RoslynAnalysisRunner has terminated.
Mono: successfully reloaded assembly
- Completed reload, in  0.831 seconds
Platform modules already initialized, skipping
========================================================================
Worker process is ready to serve import requests
Launched and connected shader compiler UnityShaderCompiler.exe after 0.04 seconds
Refreshing native plugins compatible for Editor in 0.49 ms, found 1 plugins.
Preloading 0 native plugins for Editor in 0.00 ms.
Unloading 1861 Unused Serialized files (Serialized files now loaded: 0)
System memory in use before: 88.0 MB.
System memory in use after: 88.1 MB.

Unloading 19 unused Assets to reduce memory usage. Loaded Objects now: 2310.
Total: 2.074600 ms (FindLiveObjects: 0.214000 ms CreateObjectMapping: 0.126600 ms MarkObjects: 1.671600 ms  DeleteObjects: 0.061500 ms)

========================================================================
Received Import Request.
  path: Assets/Scripts/MenuManager.cs.orig
  artifactKey: Guid(111a1142aec0f22449d0bcba947e6785) Importer(815301076,1909f56bfc062723c751e8b465ee728b)
Start importing Assets/Scripts/MenuManager.cs.orig using Guid(111a1142aec0f22449d0bcba947e6785) Importer(815301076,1909f56bfc062723c751e8b465ee728b)  -> (artifact id: '25a8e0c71885465c1b6d1832b04043b3') in 0.031027 seconds
  Import took 0.034090 seconds .

========================================================================
Received Import Request.
  Time since last request: 0.000172 seconds.
  path: Assets/Scripts/Singleton.cs
  artifactKey: Guid(76ef83e92c5b1a74f94a74b3cfb136b3) Importer(815301076,1909f56bfc062723c751e8b465ee728b)
Start importing Assets/Scripts/Singleton.cs using Guid(76ef83e92c5b1a74f94a74b3cfb136b3) Importer(815301076,1909f56bfc062723c751e8b465ee728b)  -> (artifact id: '01ec613ee397eefaa22f5754d68d94d5') in 0.009039 seconds
  Import took 0.012131 seconds .

========================================================================
Received Import Request.
  Time since last request: 0.000258 seconds.
  path: Assets/Scripts/WorldManager.cs
  artifactKey: Guid(77580e99f197e1d4d882d6b87cded8bd) Importer(815301076,1909f56bfc062723c751e8b465ee728b)
Start importing Assets/Scripts/WorldManager.cs using Guid(77580e99f197e1d4d882d6b87cded8bd) Importer(815301076,1909f56bfc062723c751e8b465ee728b)  -> (artifact id: '49a33489beed5c5666253e7f8a7809f6') in 0.008585 seconds
  Import took 0.012094 seconds .

========================================================================
Received Import Request.
  Time since last request: 0.000353 seconds.
  path: Assets/Scripts/MenuManager.cs
  artifactKey: Guid(7dd190a38a38ae644a8766803844f564) Importer(815301076,1909f56bfc062723c751e8b465ee728b)
Start importing Assets/Scripts/MenuManager.cs using Guid(7dd190a38a38ae644a8766803844f564) Importer(815301076,1909f56bfc062723c751e8b465ee728b)  -> (artifact id: '22bd37b4d1afca1f63cbd5293b6bfb83') in 0.002704 seconds
  Import took 0.005907 seconds .

========================================================================
Received Import Request.
  Time since last request: 0.003240 seconds.
  path: Assets/Scripts/MenuManager.cs
  artifactKey: Guid(7dd190a38a38ae644a8766803844f564) Importer(815301076,1909f56bfc062723c751e8b465ee728b)
Start importing Assets/Scripts/MenuManager.cs using Guid(7dd190a38a38ae644a8766803844f564) Importer(815301076,1909f56bfc062723c751e8b465ee728b)  -> (artifact id: '22bd37b4d1afca1f63cbd5293b6bfb83') in 0.002693 seconds
  Import took 0.006238 seconds .

========================================================================
Received Import Request.
  Time since last request: 0.525198 seconds.
  path: Assets/Scripts/Events.cs
  artifactKey: Guid(31f0f93fdcba41e4e85c03932d02f825) Importer(815301076,1909f56bfc062723c751e8b465ee728b)
Start importing Assets/Scripts/Events.cs using Guid(31f0f93fdcba41e4e85c03932d02f825) Importer(815301076,1909f56bfc062723c751e8b465ee728b)  -> (artifact id: '0adcf9b4bc5f9a06445c95ae172f21d2') in 0.008528 seconds
  Import took 0.012359 seconds .

========================================================================
Received Prepare
Registering precompiled user dll's ...
Registered in 0.001893 seconds.
Begin MonoManager ReloadAssembly
Native extension for WindowsStandalone target not found
Refreshing native plugins compatible for Editor in 0.88 ms, found 1 plugins.
Preloading 0 native plugins for Editor in 0.00 ms.
Invoked RoslynAnalysisRunner static constructor.
RoslynAnalysisRunner will not be running.
RoslynAnalysisRunner has terminated.
Mono: successfully reloaded assembly
- Completed reload, in  1.116 seconds
Platform modules already initialized, skipping
Refreshing native plugins compatible for Editor in 0.97 ms, found 1 plugins.
Preloading 0 native plugins for Editor in 0.00 ms.
Unloading 1838 Unused Serialized files (Serialized files now loaded: 0)
System memory in use before: 86.2 MB.
System memory in use after: 86.3 MB.

Unloading 7 unused Assets to reduce memory usage. Loaded Objects now: 2314.
Total: 2.625300 ms (FindLiveObjects: 0.310400 ms CreateObjectMapping: 0.092100 ms MarkObjects: 2.205700 ms  DeleteObjects: 0.015800 ms)

========================================================================
Received Import Request.
  Time since last request: 190.648144 seconds.
  path: Assets/Scripts/MenuManager.cs
  artifactKey: Guid(7dd190a38a38ae644a8766803844f564) Importer(815301076,1909f56bfc062723c751e8b465ee728b)
Start importing Assets/Scripts/MenuManager.cs using Guid(7dd190a38a38ae644a8766803844f564) Importer(815301076,1909f56bfc062723c751e8b465ee728b)  -> (artifact id: '7e27a5f9064e02b3b6c6dbbb2c176003') in 0.005973 seconds
  Import took 0.010115 seconds .

========================================================================
Received Prepare
Registering precompiled user dll's ...
Registered in 0.001593 seconds.
Begin MonoManager ReloadAssembly
Native extension for WindowsStandalone target not found
Refreshing native plugins compatible for Editor in 0.44 ms, found 1 plugins.
Preloading 0 native plugins for Editor in 0.00 ms.
Invoked RoslynAnalysisRunner static constructor.
RoslynAnalysisRunner will not be running.
RoslynAnalysisRunner has terminated.
Mono: successfully reloaded assembly
- Completed reload, in  0.794 seconds
Platform modules already initialized, skipping
Refreshing native plugins compatible for Editor in 0.48 ms, found 1 plugins.
Preloading 0 native plugins for Editor in 0.00 ms.
Unloading 1838 Unused Serialized files (Serialized files now loaded: 0)
System memory in use before: 86.3 MB.
System memory in use after: 86.4 MB.

Unloading 7 unused Assets to reduce memory usage. Loaded Objects now: 2318.
Total: 2.002300 ms (FindLiveObjects: 0.198900 ms CreateObjectMapping: 0.114600 ms MarkObjects: 1.675600 ms  DeleteObjects: 0.012300 ms)

========================================================================
Received Import Request.
  Time since last request: 60.846397 seconds.
  path: Assets/Prefabs/MalePlayer.prefab
  artifactKey: Guid(b15b4bb8811e4d14da56981b25a71fe1) Importer(815301076,1909f56bfc062723c751e8b465ee728b)
Start importing Assets/Prefabs/MalePlayer.prefab using Guid(b15b4bb8811e4d14da56981b25a71fe1) Importer(815301076,1909f56bfc062723c751e8b465ee728b)  -> (artifact id: 'cf6ced771efc0b21ddc64b24c28046b0') in 0.089817 seconds
  Import took 0.130977 seconds .

========================================================================
Received Import Request.
  Time since last request: 0.000184 seconds.
  path: Assets/Prefabs/Menu.prefab
  artifactKey: Guid(eb552d16d405b3441ad910a5e11bacd5) Importer(815301076,1909f56bfc062723c751e8b465ee728b)
Start importing Assets/Prefabs/Menu.prefab using Guid(eb552d16d405b3441ad910a5e11bacd5) Importer(815301076,1909f56bfc062723c751e8b465ee728b)  -> (artifact id: '34ef69bd1631efdcda7ee5cce50df979') in 0.088171 seconds
  Import took 0.091527 seconds .

========================================================================
Received Import Request.
  Time since last request: 77.854037 seconds.
  path: Assets/Prefabs/Menu.prefab
  artifactKey: Guid(eb552d16d405b3441ad910a5e11bacd5) Importer(815301076,1909f56bfc062723c751e8b465ee728b)
Start importing Assets/Prefabs/Menu.prefab using Guid(eb552d16d405b3441ad910a5e11bacd5) Importer(815301076,1909f56bfc062723c751e8b465ee728b)  -> (artifact id: 'edc2bdc07c33c32c52b7620e0a167b91') in 0.030074 seconds
  Import took 0.034827 seconds .

AssetImportWorkerClient::OnTransportError - code=2 error=End of file
